Determining if the pthread_create exist failed with the following output:
Change Dir: /home/rt/catkin_ws/src/ros_tms/tms_rc/tms_rc_smartpal/build-smartpal_control-Desktop-Default/CMakeFiles/CMakeTmp

Run Build Command:/usr/bin/make "cmTryCompileExec4228055457/fast"
/usr/bin/make -f CMakeFiles/cmTryCompileExec4228055457.dir/build.make CMakeFiles/cmTryCompileExec4228055457.dir/build
make[1]: Entering directory `/home/rt/catkin_ws/src/ros_tms/tms_rc/tms_rc_smartpal/build-smartpal_control-Desktop-Default/CMakeFiles/CMakeTmp'
/usr/bin/cmake -E cmake_progress_report /home/rt/catkin_ws/src/ros_tms/tms_rc/tms_rc_smartpal/build-smartpal_control-Desktop-Default/CMakeFiles/CMakeTmp/CMakeFiles 1
Building C object CMakeFiles/cmTryCompileExec4228055457.dir/CheckSymbolExists.c.o
/usr/bin/cc    -o CMakeFiles/cmTryCompileExec4228055457.dir/CheckSymbolExists.c.o   -c /home/rt/catkin_ws/src/ros_tms/tms_rc/tms_rc_smartpal/build-smartpal_control-Desktop-Default/CMakeFiles/CMakeTmp/CheckSymbolExists.c
Linking C executable cmTryCompileExec4228055457
/usr/bin/cmake -E cmake_link_script CMakeFiles/cmTryCompileExec4228055457.dir/link.txt --verbose=1
/usr/bin/cc       CMakeFiles/cmTryCompileExec4228055457.dir/CheckSymbolExists.c.o  -o cmTryCompileExec4228055457 -rdynamic 
CMakeFiles/cmTryCompileExec4228055457.dir/CheckSymbolExists.c.o: In function `main':
CheckSymbolExists.c:(.text+0x16): undefined reference to `pthread_create'
collect2: error: ld returned 1 exit status
make[1]: *** [cmTryCompileExec4228055457] Error 1
make[1]: Leaving directory `/home/rt/catkin_ws/src/ros_tms/tms_rc/tms_rc_smartpal/build-smartpal_control-Desktop-Default/CMakeFiles/CMakeTmp'
make: *** [cmTryCompileExec4228055457/fast] Error 2

File /home/rt/catkin_ws/src/ros_tms/tms_rc/tms_rc_smartpal/build-smartpal_control-Desktop-Default/CMakeFiles/CMakeTmp/CheckSymbolExists.c:
/* */
#include <pthread.h>

int main(int argc, char** argv)
{
  (void)argv;
#ifndef pthread_create
  return ((int*)(&pthread_create))[argc];
#else
  (void)argc;
  return 0;
#endif
}

Determining if the function pthread_create exists in the pthreads failed with the following output:
Change Dir: /home/rt/catkin_ws/src/ros_tms/tms_rc/tms_rc_smartpal/build-smartpal_control-Desktop-Default/CMakeFiles/CMakeTmp

Run Build Command:/usr/bin/make "cmTryCompileExec421661383/fast"
/usr/bin/make -f CMakeFiles/cmTryCompileExec421661383.dir/build.make CMakeFiles/cmTryCompileExec421661383.dir/build
make[1]: Entering directory `/home/rt/catkin_ws/src/ros_tms/tms_rc/tms_rc_smartpal/build-smartpal_control-Desktop-Default/CMakeFiles/CMakeTmp'
/usr/bin/cmake -E cmake_progress_report /home/rt/catkin_ws/src/ros_tms/tms_rc/tms_rc_smartpal/build-smartpal_control-Desktop-Default/CMakeFiles/CMakeTmp/CMakeFiles 1
Building C object CMakeFiles/cmTryCompileExec421661383.dir/CheckFunctionExists.c.o
/usr/bin/cc   -DCHECK_FUNCTION_EXISTS=pthread_create   -o CMakeFiles/cmTryCompileExec421661383.dir/CheckFunctionExists.c.o   -c /usr/share/cmake-2.8/Modules/CheckFunctionExists.c
Linking C executable cmTryCompileExec421661383
/usr/bin/cmake -E cmake_link_script CMakeFiles/cmTryCompileExec421661383.dir/link.txt --verbose=1
/usr/bin/cc   -DCHECK_FUNCTION_EXISTS=pthread_create    CMakeFiles/cmTryCompileExec421661383.dir/CheckFunctionExists.c.o  -o cmTryCompileExec421661383 -rdynamic -lpthreads 
/usr/bin/ld: cannot find -lpthreads
collect2: error: ld returned 1 exit status
make[1]: Leaving directory `/home/rt/catkin_ws/src/ros_tms/tms_rc/tms_rc_smartpal/build-smartpal_control-Desktop-Default/CMakeFiles/CMakeTmp'
make[1]: *** [cmTryCompileExec421661383] Error 1
make: *** [cmTryCompileExec421661383/fast] Error 2


